<?xml version="1.0" encoding="UTF-8"?>
<robot generator="Robot 7.0 (Python 3.12.2 on win32)" generated="2024-03-17T15:26:33.503674" rpa="false" schemaversion="5">
<suite id="s1" name="02-AddLeaveSuccessfully" source="C:\Development\Demo\Demo\tests\02-AddLeaveSuccessfully.robot">
<test id="s1-t1" name="Validate adding a new leave" line="22">
<kw name="Open HRM site" owner="PageBase" type="SETUP">
<kw name="Open Browser" owner="SeleniumLibrary">
<msg time="2024-03-17T15:26:34.124316" level="INFO">Opening browser 'chrome' to base url 'about:blank'.</msg>
<arg>about:blank</arg>
<arg>${BROWSER}</arg>
<doc>Opens a new browser instance to the optional ``url``.</doc>
<status status="PASS" start="2024-03-17T15:26:34.123316" elapsed="2.587706"/>
</kw>
<kw name="Go To" owner="SeleniumLibrary">
<msg time="2024-03-17T15:26:36.713020" level="INFO">Opening url 'https://opensource-demo.orangehrmlive.com/'</msg>
<arg>${HRM_URL}</arg>
<doc>Navigates the current browser window to the provided ``url``.</doc>
<status status="PASS" start="2024-03-17T15:26:36.712021" elapsed="4.562509"/>
</kw>
<kw name="Maximize Browser Window" owner="SeleniumLibrary">
<doc>Maximizes current browser window.</doc>
<status status="PASS" start="2024-03-17T15:26:41.274530" elapsed="0.131787"/>
</kw>
<status status="PASS" start="2024-03-17T15:26:34.120319" elapsed="7.285998"/>
</kw>
<kw name="Login to HRM with valid data" owner="LoginPage">
<kw name="Set Selenium Speed" owner="SeleniumLibrary">
<arg>0.2s</arg>
<doc>Sets the delay that is waited after each Selenium command.</doc>
<status status="PASS" start="2024-03-17T15:26:41.409325" elapsed="0.001001"/>
</kw>
<kw name="Wait Until Element Is Visible" owner="SeleniumLibrary">
<arg>${USERNAME_FIELD}</arg>
<doc>Waits until the element ``locator`` is visible.</doc>
<status status="PASS" start="2024-03-17T15:26:41.411756" elapsed="1.340799"/>
</kw>
<kw name="Input Text" owner="SeleniumLibrary">
<msg time="2024-03-17T15:26:42.753551" level="INFO">Typing text 'Admin' into text field 'xpath=//input[@name='username']'.</msg>
<arg>${USERNAME_FIELD}</arg>
<arg>${USERNAME_VALUE}</arg>
<doc>Types the given ``text`` into the text field identified by ``locator``.</doc>
<status status="PASS" start="2024-03-17T15:26:42.752555" elapsed="0.762210"/>
</kw>
<kw name="Input Text" owner="SeleniumLibrary">
<msg time="2024-03-17T15:26:43.514765" level="INFO">Typing text 'admin123' into text field 'xpath=//input[@type='password']'.</msg>
<arg>${PASSWORD_FIELD}</arg>
<arg>${PASSWORD_VALUE}</arg>
<doc>Types the given ``text`` into the text field identified by ``locator``.</doc>
<status status="PASS" start="2024-03-17T15:26:43.514765" elapsed="0.770077"/>
</kw>
<kw name="Click Element" owner="SeleniumLibrary">
<msg time="2024-03-17T15:26:44.285842" level="INFO">Clicking element 'xpath=//button[@type='submit']'.</msg>
<arg>${SUBMIT_BUTTON_LOGIN_PAGE}</arg>
<doc>Click the element identified by ``locator``.</doc>
<status status="PASS" start="2024-03-17T15:26:44.284842" elapsed="0.482851"/>
</kw>
<arg>${USERNAME}</arg>
<arg>${PASSWORD}</arg>
<status status="PASS" start="2024-03-17T15:26:41.408317" elapsed="3.359376"/>
</kw>
<kw name="Adding leave with valid data successfully" owner="LeavePage">
<kw name="Sleep" owner="BuiltIn">
<msg time="2024-03-17T15:26:49.770172" level="INFO">Slept 5 seconds.</msg>
<arg>5s</arg>
<doc>Pauses the test executed for the given time.</doc>
<status status="PASS" start="2024-03-17T15:26:44.768692" elapsed="5.001480"/>
</kw>
<kw name="Click Link" owner="SeleniumLibrary">
<msg time="2024-03-17T15:26:49.771172" level="INFO">Clicking link 'link:Leave'.</msg>
<arg>${Leave_Button}</arg>
<doc>Clicks a link identified by ``locator``.</doc>
<status status="PASS" start="2024-03-17T15:26:49.770172" elapsed="1.399497"/>
</kw>
<kw name="Wait Until Element Is Visible" owner="SeleniumLibrary">
<arg>${ASSIGN_BUTTON}</arg>
<doc>Waits until the element ``locator`` is visible.</doc>
<status status="PASS" start="2024-03-17T15:26:51.169669" elapsed="0.673618"/>
</kw>
<kw name="Click Link" owner="SeleniumLibrary">
<msg time="2024-03-17T15:26:51.844283" level="INFO">Clicking link 'xpath=//a[contains(.,'Assign Leave')]'.</msg>
<arg>${ASSIGN_BUTTON}</arg>
<doc>Clicks a link identified by ``locator``.</doc>
<status status="PASS" start="2024-03-17T15:26:51.843287" elapsed="1.169345"/>
</kw>
<kw name="Wait Until Element Is Visible" owner="SeleniumLibrary">
<arg>${EMPLOYEE_NAME}</arg>
<doc>Waits until the element ``locator`` is visible.</doc>
<status status="PASS" start="2024-03-17T15:26:53.012632" elapsed="0.890487"/>
</kw>
<kw name="Input Text" owner="SeleniumLibrary">
<msg time="2024-03-17T15:26:53.905118" level="INFO">Typing text 'Rahul' into text field 'xpath=//input[@placeholder='Type for hints...']'.</msg>
<arg>${EMPLOYEE_NAME}</arg>
<arg>Rahul</arg>
<doc>Types the given ``text`` into the text field identified by ``locator``.</doc>
<status status="PASS" start="2024-03-17T15:26:53.904118" elapsed="0.806138"/>
</kw>
<kw name="Sleep" owner="BuiltIn">
<msg time="2024-03-17T15:26:59.711777" level="INFO">Slept 5 seconds.</msg>
<arg>5s</arg>
<doc>Pauses the test executed for the given time.</doc>
<status status="PASS" start="2024-03-17T15:26:54.710256" elapsed="5.001521"/>
</kw>
<kw name="Press Keys" owner="SeleniumLibrary">
<msg time="2024-03-17T15:26:59.712776" level="INFO">Sending key(s) ('ARROW_DOWN',) to page.</msg>
<msg time="2024-03-17T15:26:59.712776" level="INFO">Pressing special key ARROW_DOWN to browser.</msg>
<msg time="2024-03-17T15:26:59.712776" level="INFO">Releasing special key ARROW_DOWN.</msg>
<arg>NONE</arg>
<arg>ARROW_DOWN</arg>
<doc>Simulates the user pressing key(s) to an element or on the active browser.</doc>
<status status="PASS" start="2024-03-17T15:26:59.711777" elapsed="0.218872"/>
</kw>
<kw name="Sleep" owner="BuiltIn">
<msg time="2024-03-17T15:27:04.931157" level="INFO">Slept 5 seconds.</msg>
<arg>5s</arg>
<doc>Pauses the test executed for the given time.</doc>
<status status="PASS" start="2024-03-17T15:26:59.930649" elapsed="5.000508"/>
</kw>
<kw name="Press Keys" owner="SeleniumLibrary">
<msg time="2024-03-17T15:27:04.932155" level="INFO">Sending key(s) ('ENTER',) to page.</msg>
<msg time="2024-03-17T15:27:04.933154" level="INFO">Pressing special key ENTER to browser.</msg>
<msg time="2024-03-17T15:27:04.933154" level="INFO">Releasing special key ENTER.</msg>
<arg>NONE</arg>
<arg>ENTER</arg>
<doc>Simulates the user pressing key(s) to an element or on the active browser.</doc>
<status status="PASS" start="2024-03-17T15:27:04.931157" elapsed="0.219872"/>
</kw>
<kw name="Sleep" owner="BuiltIn">
<msg time="2024-03-17T15:27:10.152049" level="INFO">Slept 5 seconds.</msg>
<arg>5s</arg>
<doc>Pauses the test executed for the given time.</doc>
<status status="PASS" start="2024-03-17T15:27:05.151029" elapsed="5.001020"/>
</kw>
<kw name="Click Element" owner="SeleniumLibrary">
<msg time="2024-03-17T15:27:10.153050" level="INFO">Clicking element 'xpath=//div[@class='oxd-select-text-input'][contains(.,'-- Select --')]'.</msg>
<arg>${LEAVE_TYPE}</arg>
<doc>Click the element identified by ``locator``.</doc>
<status status="PASS" start="2024-03-17T15:27:10.153050" elapsed="0.488718"/>
</kw>
<kw name="Press Keys" owner="SeleniumLibrary">
<msg time="2024-03-17T15:27:10.642767" level="INFO">Sending key(s) ('ARROW_DOWN',) to page.</msg>
<msg time="2024-03-17T15:27:10.642767" level="INFO">Pressing special key ARROW_DOWN to browser.</msg>
<msg time="2024-03-17T15:27:10.642767" level="INFO">Releasing special key ARROW_DOWN.</msg>
<arg>NONE</arg>
<arg>ARROW_DOWN</arg>
<doc>Simulates the user pressing key(s) to an element or on the active browser.</doc>
<status status="PASS" start="2024-03-17T15:27:10.641768" elapsed="0.215874"/>
</kw>
<kw name="Sleep" owner="BuiltIn">
<msg time="2024-03-17T15:27:15.858077" level="INFO">Slept 5 seconds.</msg>
<arg>5s</arg>
<doc>Pauses the test executed for the given time.</doc>
<status status="PASS" start="2024-03-17T15:27:10.857642" elapsed="5.000435"/>
</kw>
<kw name="Press Keys" owner="SeleniumLibrary">
<msg time="2024-03-17T15:27:15.859077" level="INFO">Sending key(s) ('ENTER',) to page.</msg>
<msg time="2024-03-17T15:27:15.859077" level="INFO">Pressing special key ENTER to browser.</msg>
<msg time="2024-03-17T15:27:15.859077" level="INFO">Releasing special key ENTER.</msg>
<arg>NONE</arg>
<arg>ENTER</arg>
<doc>Simulates the user pressing key(s) to an element or on the active browser.</doc>
<status status="PASS" start="2024-03-17T15:27:15.858077" elapsed="0.221873"/>
</kw>
<kw name="Sleep" owner="BuiltIn">
<msg time="2024-03-17T15:27:21.080729" level="INFO">Slept 5 seconds.</msg>
<arg>5s</arg>
<doc>Pauses the test executed for the given time.</doc>
<status status="PASS" start="2024-03-17T15:27:16.079950" elapsed="5.000779"/>
</kw>
<kw name="Input Text" owner="SeleniumLibrary">
<msg time="2024-03-17T15:27:21.081733" level="INFO">Typing text '2024-15-03' into text field 'xpath=(//input[@placeholder='yyyy-dd-mm'])[1]'.</msg>
<arg>${DATE_FIELD}</arg>
<arg>2024-15-03</arg>
<doc>Types the given ``text`` into the text field identified by ``locator``.</doc>
<status status="PASS" start="2024-03-17T15:27:21.081733" elapsed="0.749284"/>
</kw>
<kw name="Sleep" owner="BuiltIn">
<msg time="2024-03-17T15:27:26.832315" level="INFO">Slept 5 seconds.</msg>
<arg>5s</arg>
<doc>Pauses the test executed for the given time.</doc>
<status status="PASS" start="2024-03-17T15:27:21.831017" elapsed="5.001298"/>
</kw>
<kw name="Press Keys" owner="SeleniumLibrary">
<msg time="2024-03-17T15:27:26.833315" level="INFO">Sending key(s) ('TAB',) to page.</msg>
<msg time="2024-03-17T15:27:26.833315" level="INFO">Pressing special key TAB to browser.</msg>
<msg time="2024-03-17T15:27:26.833315" level="INFO">Releasing special key TAB.</msg>
<arg>NONE</arg>
<arg>TAB</arg>
<doc>Simulates the user pressing key(s) to an element or on the active browser.</doc>
<status status="PASS" start="2024-03-17T15:27:26.832315" elapsed="0.237868"/>
</kw>
<kw name="Sleep" owner="BuiltIn">
<msg time="2024-03-17T15:27:32.070608" level="INFO">Slept 5 seconds.</msg>
<arg>5s</arg>
<doc>Pauses the test executed for the given time.</doc>
<status status="PASS" start="2024-03-17T15:27:27.070183" elapsed="5.000425"/>
</kw>
<kw name="Click Button" owner="SeleniumLibrary">
<msg time="2024-03-17T15:27:32.071604" level="INFO">Clicking button 'xpath=//button[@type='submit']'.</msg>
<arg>${SUBMIT_BUTTON_Leave}</arg>
<doc>Clicks the button identified by ``locator``.</doc>
<status status="PASS" start="2024-03-17T15:27:32.070608" elapsed="1.116488"/>
</kw>
<kw name="Wait Until Element Is Visible" owner="SeleniumLibrary">
<arg>${OK_BUTTON_Leave}</arg>
<doc>Waits until the element ``locator`` is visible.</doc>
<status status="PASS" start="2024-03-17T15:27:33.187096" elapsed="0.850023"/>
</kw>
<kw name="Click Button" owner="SeleniumLibrary">
<msg time="2024-03-17T15:27:34.038114" level="INFO">Clicking button 'xpath=//button[@type='button'][contains(.,'Ok')]'.</msg>
<arg>${OK_BUTTON_Leave}</arg>
<doc>Clicks the button identified by ``locator``.</doc>
<status status="PASS" start="2024-03-17T15:27:34.037119" elapsed="1.105439"/>
</kw>
<kw name="Sleep" owner="BuiltIn">
<msg time="2024-03-17T15:27:37.142920" level="INFO">Slept 2 seconds.</msg>
<arg>2s</arg>
<doc>Pauses the test executed for the given time.</doc>
<status status="PASS" start="2024-03-17T15:27:35.142558" elapsed="2.000362"/>
</kw>
<status status="PASS" start="2024-03-17T15:26:44.768692" elapsed="52.374228"/>
</kw>
<kw name="Verify that appearing sweet message" owner="LeavePage">
<kw name="Page Should Contain" owner="SeleniumLibrary">
<msg time="2024-03-17T15:27:37.570680" level="INFO">Current page contains text 'Success'.</msg>
<arg>Success</arg>
<doc>Verifies that current page contains ``text``.</doc>
<status status="PASS" start="2024-03-17T15:27:37.144918" elapsed="0.425762"/>
</kw>
<status status="PASS" start="2024-03-17T15:27:37.143918" elapsed="0.427762"/>
</kw>
<kw name="Close web browser" owner="PageBase" type="TEARDOWN">
<kw name="Close All Browsers" owner="SeleniumLibrary">
<doc>Closes all open browsers and resets the browser cache.</doc>
<status status="PASS" start="2024-03-17T15:27:37.572680" elapsed="2.399101"/>
</kw>
<status status="PASS" start="2024-03-17T15:27:37.571680" elapsed="2.400101"/>
</kw>
<status status="PASS" start="2024-03-17T15:26:34.118319" elapsed="65.854461"/>
</test>
<doc>This is a Demo for Task Automation Test</doc>
<status status="PASS" start="2024-03-17T15:26:33.507671" elapsed="66.467108"/>
</suite>
<statistics>
<total>
<stat pass="1" fail="0" skip="0">All Tests</stat>
</total>
<tag>
</tag>
<suite>
<stat pass="1" fail="0" skip="0" id="s1" name="02-AddLeaveSuccessfully">02-AddLeaveSuccessfully</stat>
</suite>
</statistics>
<errors>
</errors>
</robot>
